[2026-03-02 17:01:50] 🚀 OWASP ZAP API Scanner - Iniciando
[2026-03-02 17:01:50] Verificando conexão com ZAP API...
[2026-03-02 17:01:50] ✅ ZAP API disponível
[2026-03-02 17:01:50] === Iniciando scan para koha: http://145.223.92.13 (tipo: full) ===
[2026-03-02 17:02:00] ❌ URL não respondeu: http://145.223.92.13
[2026-03-02 17:02:00] ⏳ Aguardando 10s antes do próximo scan...
[2026-03-02 17:02:10] === Iniciando scan para koha: http://145.223.92.13 (tipo: baseline) ===
[2026-03-02 17:02:21] ❌ URL não respondeu: http://145.223.92.13
[2026-03-02 17:02:21] ⏳ Aguardando 10s antes do próximo scan...
[2026-03-02 17:02:31] === Iniciando scan para koha: http://145.223.92.13 (tipo: spider_only) ===
[2026-03-02 17:02:41] ❌ URL não respondeu: http://145.223.92.13
[2026-03-02 17:02:41] ⏳ Aguardando 10s antes do próximo scan...
[2026-03-02 17:02:51] 🧹 Limpando relatórios com mais de 7 dias...
[2026-03-02 17:02:51] ✅ Limpeza concluída
[2026-03-02 17:02:51] 🏁 Processo concluído!
[2026-03-02 17:06:06] 🚀 OWASP ZAP API Scanner - Iniciando
[2026-03-02 17:06:06] Verificando conexão com ZAP API...
[2026-03-02 17:06:06] ✅ ZAP API disponível
[2026-03-02 17:06:06] === Iniciando scan para catalogo: http://catalogo.acervo.nic.br (tipo: full) ===
[2026-03-02 17:06:06] 🕷️  Iniciando Spider...
[2026-03-02 17:06:06] 🕷️  Spider iniciado (ID: 3), aguardando conclusão...
[2026-03-02 17:06:06] 📊 Spider: 0% (0s)
[2026-03-02 17:06:12] 📊 Spider: 0% (5s)
[2026-03-02 17:06:17] 📊 Spider: 0% (10s)
[2026-03-02 17:06:22] 📊 Spider: 0% (15s)
[2026-03-02 17:06:27] 📊 Spider: 0% (20s)
[2026-03-02 17:06:32] 📊 Spider: 0% (25s)
[2026-03-02 17:06:37] 📊 Spider: 0% (30s)
[2026-03-02 17:06:42] 📊 Spider: 0% (35s)
[2026-03-02 17:06:47] 📊 Spider: 0% (40s)
[2026-03-02 17:06:52] 📊 Spider: 0% (45s)
[2026-03-02 17:06:57] 📊 Spider: 0% (50s)
[2026-03-02 17:07:02] 📊 Spider: 0% (55s)
[2026-03-02 17:07:07] 📊 Spider: 0% (60s)
[2026-03-02 17:07:12] 📊 Spider: 0% (65s)
[2026-03-02 17:07:17] 📊 Spider: 0% (70s)
[2026-03-02 17:07:22] 📊 Spider: 0% (75s)
[2026-03-02 17:07:27] ✅ Spider concluído (100%)
[2026-03-02 17:07:27] ⚔️  Iniciando Active Scan...
[2026-03-02 17:07:27] ⚠️  Falha ao iniciar active scan, pulando...
[2026-03-02 17:07:37] 📄 Gerando relatório HTML...
[2026-03-02 17:07:37] ✅ Relatório salvo: ./zap_reports/catalogo_20260302_170606.html
[2026-03-02 17:07:38] 📊 Alertas encontrados: {"numberOfAlerts":"0"}
[2026-03-02 17:07:38] ⏳ Aguardando 10s antes do próximo scan...
[2026-03-02 17:07:48] === Iniciando scan para catalogo: http://catalogo.acervo.nic.br (tipo: baseline) ===
[2026-03-02 17:07:48] 🕷️  Iniciando Spider...
[2026-03-02 17:07:48] 🕷️  Spider iniciado (ID: 4), aguardando conclusão...
[2026-03-02 17:07:48] 📊 Spider: 0% (0s)
[2026-03-02 17:07:53] 📊 Spider: 0% (5s)
[2026-03-02 17:07:58] 📊 Spider: 0% (10s)
[2026-03-02 17:08:03] 📊 Spider: 0% (15s)
[2026-03-02 17:08:08] 📊 Spider: 0% (20s)
[2026-03-02 17:08:13] 📊 Spider: 0% (25s)
[2026-03-02 17:08:18] 📊 Spider: 0% (30s)
[2026-03-02 17:08:23] 📊 Spider: 0% (35s)
[2026-03-02 17:08:28] 📊 Spider: 0% (40s)
[2026-03-02 17:08:33] 📊 Spider: 0% (45s)
[2026-03-02 17:08:39] 📊 Spider: 0% (50s)
[2026-03-02 17:08:44] 📊 Spider: 0% (55s)
[2026-03-02 17:08:49] 📊 Spider: 0% (60s)
[2026-03-02 17:08:54] 📊 Spider: 0% (65s)
[2026-03-02 17:08:59] 📊 Spider: 0% (70s)
[2026-03-02 17:09:04] 📊 Spider: 0% (75s)
[2026-03-02 17:09:09] ✅ Spider concluído (100%)
[2026-03-02 17:09:19] 📄 Gerando relatório HTML...
[2026-03-02 17:09:19] ✅ Relatório salvo: ./zap_reports/catalogo_20260302_170748.html
[2026-03-02 17:09:20] 📊 Alertas encontrados: {"numberOfAlerts":"0"}
[2026-03-02 17:09:20] ⏳ Aguardando 10s antes do próximo scan...
[2026-03-02 17:09:30] === Iniciando scan para catalogo: http://catalogo.acervo.nic.br (tipo: spider_only) ===
[2026-03-02 17:09:30] 🕷️  Iniciando Spider...
[2026-03-02 17:09:30] 🕷️  Spider iniciado (ID: 5), aguardando conclusão...
[2026-03-02 17:09:30] 📊 Spider: 0% (0s)
[2026-03-02 17:09:35] 📊 Spider: 0% (5s)
[2026-03-02 17:09:40] 📊 Spider: 0% (10s)
[2026-03-02 17:09:45] 📊 Spider: 0% (15s)
[2026-03-02 17:09:50] 📊 Spider: 0% (20s)
[2026-03-02 17:09:55] 📊 Spider: 0% (25s)
[2026-03-02 17:10:00] 📊 Spider: 0% (30s)
[2026-03-02 17:10:05] 📊 Spider: 0% (35s)
[2026-03-02 17:10:10] 📊 Spider: 0% (40s)
[2026-03-02 17:10:15] 📊 Spider: 0% (45s)
[2026-03-02 17:10:20] 📊 Spider: 0% (50s)
[2026-03-02 17:10:25] 📊 Spider: 0% (55s)
[2026-03-02 17:10:30] 📊 Spider: 0% (60s)
[2026-03-02 17:10:36] 📊 Spider: 0% (65s)
[2026-03-02 17:10:41] 📊 Spider: 0% (70s)
[2026-03-02 17:10:46] 📊 Spider: 0% (75s)
[2026-03-02 17:10:51] ✅ Spider concluído (100%)
[2026-03-02 17:10:51] ℹ️  Modo spider_only: pulando active scan
[2026-03-02 17:11:01] 📄 Gerando relatório HTML...
[2026-03-02 17:11:01] ✅ Relatório salvo: ./zap_reports/catalogo_20260302_170930.html
[2026-03-02 17:11:02] 📊 Alertas encontrados: {"numberOfAlerts":"0"}
[2026-03-02 17:11:02] ⏳ Aguardando 10s antes do próximo scan...
[2026-03-02 17:11:12] 🧹 Limpando relatórios com mais de 7 dias...
[2026-03-02 17:11:12] ✅ Limpeza concluída
[2026-03-02 17:11:12] 🏁 Processo concluído!
[2026-03-02 17:14:21] 🚀 OWASP ZAP API Scanner - Iniciando
[2026-03-02 17:14:21] Verificando conexão com ZAP API...
[2026-03-02 17:14:21] ✅ ZAP API disponível
[2026-03-02 17:14:21] === Iniciando scan para admin: http://catalogoadmin.acervo.nic.br (tipo: full) ===
[2026-03-02 17:14:21] 🕷️  Iniciando Spider...
[2026-03-02 17:14:21] 🕷️  Spider iniciado (ID: 6), aguardando conclusão...
[2026-03-02 17:14:21] 📊 Spider: 0% (0s)
[2026-03-02 17:14:26] 📊 Spider: 0% (5s)
[2026-03-02 17:14:31] 📊 Spider: 0% (10s)
[2026-03-02 17:14:36] 📊 Spider: 0% (15s)
[2026-03-02 17:14:41] 📊 Spider: 0% (20s)
[2026-03-02 17:14:46] 📊 Spider: 0% (25s)
[2026-03-02 17:14:51] 📊 Spider: 0% (30s)
[2026-03-02 17:14:56] 📊 Spider: 0% (35s)
[2026-03-02 17:15:01] 📊 Spider: 0% (40s)
[2026-03-02 17:15:06] 📊 Spider: 0% (45s)
[2026-03-02 17:15:11] 📊 Spider: 0% (50s)
[2026-03-02 17:15:16] 📊 Spider: 0% (55s)
[2026-03-02 17:15:21] 📊 Spider: 0% (60s)
[2026-03-02 17:15:26] 📊 Spider: 0% (65s)
[2026-03-02 17:15:31] 📊 Spider: 0% (70s)
[2026-03-02 17:15:36] 📊 Spider: 0% (75s)
[2026-03-02 17:15:41] ✅ Spider concluído (100%)
[2026-03-02 17:15:41] ⚔️  Iniciando Active Scan...
[2026-03-02 17:15:41] ⚠️  Falha ao iniciar active scan, pulando...
[2026-03-02 17:15:51] 📄 Gerando relatório HTML...
[2026-03-02 17:15:51] ✅ Relatório salvo: ./zap_reports/admin_20260302_171421.html
[2026-03-02 17:15:52] 📊 Alertas encontrados: {"numberOfAlerts":"0"}
[2026-03-02 17:15:52] ⏳ Aguardando 10s antes do próximo scan...
[2026-03-02 17:16:02] 🧹 Limpando relatórios com mais de 7 dias...
[2026-03-02 17:16:02] ✅ Limpeza concluída
[2026-03-02 17:16:02] 🏁 Processo concluído!
[2026-03-02 17:20:47] 🚀 OWASP ZAP API Scanner - Iniciando
[2026-03-02 17:20:47] Verificando conexão com ZAP API...
[2026-03-02 17:20:47] ✅ ZAP API disponível
[2026-03-02 17:20:47] === Iniciando scan para admin: http://catalogoadmin.acervo.nic.br (tipo: full) ===
[2026-03-02 17:20:47] 🕷️  Iniciando Spider...
[2026-03-02 17:20:47] 🕷️  Spider iniciado (ID: 0), aguardando conclusão...
[2026-03-02 17:20:48] 📊 Spider: 0% (0s)
[2026-03-02 17:20:53] 📊 Spider: 0% (5s)
[2026-03-02 17:20:58] 📊 Spider: 0% (10s)
[2026-03-02 17:21:03] 📊 Spider: 0% (15s)
[2026-03-02 17:21:08] 📊 Spider: 0% (20s)
[2026-03-02 17:21:13] 📊 Spider: 0% (25s)
[2026-03-02 17:21:18] 📊 Spider: 0% (30s)
[2026-03-02 17:21:23] 📊 Spider: 0% (35s)
[2026-03-02 17:21:28] 📊 Spider: 0% (40s)
[2026-03-02 17:21:33] 📊 Spider: 0% (45s)
[2026-03-02 17:21:38] 📊 Spider: 0% (50s)
[2026-03-02 17:21:43] 📊 Spider: 0% (55s)
[2026-03-02 17:21:48] 📊 Spider: 0% (60s)
[2026-03-02 17:21:53] 📊 Spider: 0% (65s)
[2026-03-02 17:21:58] 📊 Spider: 0% (70s)
[2026-03-02 17:22:03] 📊 Spider: 0% (75s)
[2026-03-02 17:22:08] ✅ Spider concluído (100%)
[2026-03-02 17:22:08] ⚔️  Iniciando Active Scan...
[2026-03-02 17:22:08] ⚠️  Falha ao iniciar active scan, pulando...
[2026-03-02 17:22:18] 📄 Gerando relatório HTML...
[2026-03-02 17:22:18] ✅ Relatório salvo: ./zap_reports/admin_20260302_172047.html
[2026-03-02 17:22:18] 📊 Alertas encontrados: {"numberOfAlerts":"0"}
[2026-03-02 17:22:18] ⏳ Aguardando 10s antes do próximo scan...
[2026-03-02 17:22:28] 🧹 Limpando relatórios com mais de 7 dias...
[2026-03-02 17:22:28] ✅ Limpeza concluída
[2026-03-02 17:22:28] 🏁 Processo concluído!
[2026-03-02 17:24:27] 🚀 OWASP ZAP API Scanner - Iniciando
[2026-03-02 17:24:27] Verificando conexão com ZAP API...
[2026-03-02 17:24:27] ✅ ZAP API disponível
[2026-03-02 17:24:27] === Iniciando scan para catalogo: http://catalogo.acervo.nic.br (tipo: full) ===
[2026-03-02 17:24:27] 🕷️  Iniciando Spider...
[2026-03-02 17:24:27] 🕷️  Spider iniciado (ID: 1), aguardando conclusão...
[2026-03-02 17:24:27] 📊 Spider: 0% (0s)
[2026-03-02 17:24:32] 📊 Spider: 0% (5s)
[2026-03-02 17:24:37] 📊 Spider: 0% (10s)
[2026-03-02 17:24:42] 📊 Spider: 0% (15s)
[2026-03-02 17:24:47] 📊 Spider: 0% (20s)
[2026-03-02 17:24:52] 📊 Spider: 0% (25s)
[2026-03-02 17:24:57] 📊 Spider: 0% (30s)
[2026-03-02 17:25:02] 📊 Spider: 0% (35s)
[2026-03-02 17:25:07] 📊 Spider: 0% (40s)
[2026-03-02 17:25:12] 📊 Spider: 0% (45s)
[2026-03-02 17:25:17] 📊 Spider: 0% (50s)
[2026-03-02 17:25:23] 📊 Spider: 0% (55s)
[2026-03-02 17:25:28] 📊 Spider: 0% (60s)
[2026-03-02 17:25:33] 📊 Spider: 0% (65s)
[2026-03-02 17:25:38] 📊 Spider: 0% (70s)
[2026-03-02 17:25:43] 📊 Spider: 0% (75s)
[2026-03-02 17:25:48] ✅ Spider concluído (100%)
[2026-03-02 17:25:48] ⚔️  Iniciando Active Scan...
[2026-03-02 17:25:48] ⚠️  Falha ao iniciar active scan, pulando...
[2026-03-02 17:25:58] 📄 Gerando relatório HTML...
[2026-03-02 17:25:58] ✅ Relatório salvo: ./zap_reports/catalogo_20260302_172427.html
[2026-03-02 17:25:58] 📊 Alertas encontrados: {"numberOfAlerts":"0"}
[2026-03-02 17:25:58] ⏳ Aguardando 10s antes do próximo scan...
[2026-03-02 17:26:08] === Iniciando scan para catalogo: http://catalogo.acervo.nic.br (tipo: baseline) ===
[2026-03-02 17:26:08] 🕷️  Iniciando Spider...
[2026-03-02 17:26:08] 🕷️  Spider iniciado (ID: 2), aguardando conclusão...
[2026-03-02 17:26:08] 📊 Spider: 0% (0s)
[2026-03-02 17:26:13] 📊 Spider: 0% (5s)
[2026-03-02 17:26:18] 📊 Spider: 0% (10s)
[2026-03-02 17:26:23] 📊 Spider: 0% (15s)
[2026-03-02 17:26:28] 📊 Spider: 0% (20s)
[2026-03-02 17:26:33] 📊 Spider: 0% (25s)
[2026-03-02 17:26:38] 📊 Spider: 0% (30s)
[2026-03-02 17:26:43] 📊 Spider: 0% (35s)
[2026-03-02 17:26:48] 📊 Spider: 0% (40s)
[2026-03-02 17:26:53] 📊 Spider: 0% (45s)
[2026-03-02 17:26:58] 📊 Spider: 0% (50s)
[2026-03-02 17:27:03] 📊 Spider: 0% (55s)
[2026-03-02 17:27:08] 📊 Spider: 0% (60s)
[2026-03-02 17:27:13] 📊 Spider: 0% (65s)
[2026-03-02 17:27:18] 📊 Spider: 0% (70s)
[2026-03-02 17:27:23] 📊 Spider: 0% (75s)
[2026-03-02 17:27:28] ✅ Spider concluído (100%)
[2026-03-02 17:27:38] 📄 Gerando relatório HTML...
[2026-03-02 17:27:39] ✅ Relatório salvo: ./zap_reports/catalogo_20260302_172608.html
[2026-03-02 17:27:39] 📊 Alertas encontrados: {"numberOfAlerts":"0"}
[2026-03-02 17:27:39] ⏳ Aguardando 10s antes do próximo scan...
[2026-03-02 17:27:49] === Iniciando scan para catalogo: http://catalogo.acervo.nic.br (tipo: spider_only) ===
[2026-03-02 17:27:49] 🕷️  Iniciando Spider...
[2026-03-02 17:27:49] 🕷️  Spider iniciado (ID: 3), aguardando conclusão...
[2026-03-02 17:27:49] 📊 Spider: 0% (0s)
[2026-03-02 17:27:54] 📊 Spider: 0% (5s)
[2026-03-02 17:27:59] 📊 Spider: 0% (10s)
[2026-03-02 17:28:04] 📊 Spider: 0% (15s)
[2026-03-02 17:28:09] 📊 Spider: 0% (20s)
[2026-03-02 17:28:14] 📊 Spider: 0% (25s)
[2026-03-02 17:28:19] 📊 Spider: 0% (30s)
[2026-03-02 17:28:24] 📊 Spider: 0% (35s)
[2026-03-02 17:28:29] 📊 Spider: 0% (40s)
[2026-03-02 17:28:34] 📊 Spider: 0% (45s)
[2026-03-02 17:28:39] 📊 Spider: 0% (50s)
[2026-03-02 17:28:44] 📊 Spider: 0% (55s)
[2026-03-02 17:28:49] 📊 Spider: 0% (60s)
[2026-03-02 17:28:54] 📊 Spider: 0% (65s)
[2026-03-02 17:28:59] 📊 Spider: 0% (70s)
[2026-03-02 17:29:04] 📊 Spider: 0% (75s)
[2026-03-02 17:29:09] ✅ Spider concluído (100%)
[2026-03-02 17:29:09] ℹ️  Modo spider_only: pulando active scan
[2026-03-02 17:29:19] 📄 Gerando relatório HTML...
[2026-03-02 17:29:19] ✅ Relatório salvo: ./zap_reports/catalogo_20260302_172749.html
[2026-03-02 17:29:19] 📊 Alertas encontrados: {"numberOfAlerts":"0"}
[2026-03-02 17:29:19] ⏳ Aguardando 10s antes do próximo scan...
[2026-03-02 17:29:29] === Iniciando scan para admin: http://catalogoadmin.acervo.nic.br (tipo: full) ===
[2026-03-02 17:29:29] 🕷️  Iniciando Spider...
[2026-03-02 17:29:29] 🕷️  Spider iniciado (ID: 4), aguardando conclusão...
[2026-03-02 17:29:29] 📊 Spider: 0% (0s)
[2026-03-02 17:29:34] 📊 Spider: 0% (5s)
[2026-03-02 17:29:39] 📊 Spider: 0% (10s)
[2026-03-02 17:29:44] 📊 Spider: 0% (15s)
[2026-03-02 17:29:49] 📊 Spider: 0% (20s)
[2026-03-02 17:29:54] 📊 Spider: 0% (25s)
[2026-03-02 17:29:59] 📊 Spider: 0% (30s)
[2026-03-02 17:30:05] 📊 Spider: 0% (35s)
[2026-03-02 17:30:10] 📊 Spider: 0% (40s)
[2026-03-02 17:30:15] 📊 Spider: 0% (45s)
[2026-03-02 17:30:20] 📊 Spider: 0% (50s)
[2026-03-02 17:30:25] 📊 Spider: 0% (55s)
[2026-03-02 17:30:30] 📊 Spider: 0% (60s)
[2026-03-02 17:30:35] 📊 Spider: 0% (65s)
[2026-03-02 17:30:40] 📊 Spider: 0% (70s)
[2026-03-02 17:30:45] 📊 Spider: 0% (75s)
[2026-03-02 17:30:50] ✅ Spider concluído (100%)
[2026-03-02 17:30:50] ⚔️  Iniciando Active Scan...
[2026-03-02 17:30:50] ⚠️  Falha ao iniciar active scan, pulando...
[2026-03-02 17:31:00] 📄 Gerando relatório HTML...
[2026-03-02 17:31:00] ✅ Relatório salvo: ./zap_reports/admin_20260302_172929.html
[2026-03-02 17:31:00] 📊 Alertas encontrados: {"numberOfAlerts":"0"}
[2026-03-02 17:31:00] ⏳ Aguardando 10s antes do próximo scan...
[2026-03-02 17:31:10] === Iniciando scan para admin: http://catalogoadmin.acervo.nic.br (tipo: baseline) ===
[2026-03-02 17:31:10] 🕷️  Iniciando Spider...
[2026-03-02 17:31:10] 🕷️  Spider iniciado (ID: 5), aguardando conclusão...
[2026-03-02 17:31:10] 📊 Spider: 0% (0s)
[2026-03-02 17:31:15] 📊 Spider: 0% (5s)
[2026-03-02 17:31:20] 📊 Spider: 0% (10s)
[2026-03-02 17:31:25] 📊 Spider: 0% (15s)
[2026-03-02 17:31:30] 📊 Spider: 0% (20s)
[2026-03-02 17:31:35] 📊 Spider: 0% (25s)
[2026-03-02 17:31:40] 📊 Spider: 0% (30s)
[2026-03-02 17:31:45] 📊 Spider: 0% (35s)
[2026-03-02 17:31:50] 📊 Spider: 0% (40s)
[2026-03-02 17:31:55] 📊 Spider: 0% (45s)
[2026-03-02 17:32:00] 📊 Spider: 0% (50s)
[2026-03-02 17:32:05] 📊 Spider: 0% (55s)
[2026-03-02 17:32:10] 📊 Spider: 0% (60s)
[2026-03-02 17:32:15] 📊 Spider: 0% (65s)
[2026-03-02 17:32:20] 📊 Spider: 0% (70s)
[2026-03-02 17:32:26] 📊 Spider: 0% (75s)
[2026-03-02 17:32:31] ✅ Spider concluído (100%)
[2026-03-02 17:32:41] 📄 Gerando relatório HTML...
[2026-03-02 17:32:41] ✅ Relatório salvo: ./zap_reports/admin_20260302_173110.html
[2026-03-02 17:32:41] 📊 Alertas encontrados: {"numberOfAlerts":"0"}
[2026-03-02 17:32:41] ⏳ Aguardando 10s antes do próximo scan...
[2026-03-02 17:32:51] === Iniciando scan para admin: http://catalogoadmin.acervo.nic.br (tipo: spider_only) ===
[2026-03-02 17:32:51] 🕷️  Iniciando Spider...
[2026-03-02 17:32:51] 🕷️  Spider iniciado (ID: 6), aguardando conclusão...
[2026-03-02 17:32:51] 📊 Spider: 0% (0s)
[2026-03-02 17:32:56] 📊 Spider: 0% (5s)
[2026-03-02 17:33:01] 📊 Spider: 0% (10s)
[2026-03-02 17:33:06] 📊 Spider: 0% (15s)
[2026-03-02 17:33:11] 📊 Spider: 0% (20s)
[2026-03-02 17:33:16] 📊 Spider: 0% (25s)
[2026-03-02 17:33:21] 📊 Spider: 0% (30s)
[2026-03-02 17:33:26] 📊 Spider: 0% (35s)
[2026-03-02 17:33:31] 📊 Spider: 0% (40s)
[2026-03-02 17:33:36] 📊 Spider: 0% (45s)
[2026-03-02 17:33:41] 📊 Spider: 0% (50s)
[2026-03-02 17:33:46] 📊 Spider: 0% (55s)
[2026-03-02 17:33:51] 📊 Spider: 0% (60s)
[2026-03-02 17:33:56] 📊 Spider: 0% (65s)
[2026-03-02 17:34:01] 📊 Spider: 0% (70s)
[2026-03-02 17:34:06] 📊 Spider: 0% (75s)
[2026-03-02 17:34:11] ✅ Spider concluído (100%)
[2026-03-02 17:34:11] ℹ️  Modo spider_only: pulando active scan
[2026-03-02 17:34:21] 📄 Gerando relatório HTML...
[2026-03-02 17:34:21] ✅ Relatório salvo: ./zap_reports/admin_20260302_173251.html
[2026-03-02 17:34:21] 📊 Alertas encontrados: {"numberOfAlerts":"0"}
[2026-03-02 17:34:21] ⏳ Aguardando 10s antes do próximo scan...
[2026-03-02 17:34:31] 🧹 Limpando relatórios com mais de 7 dias...
[2026-03-02 17:34:31] ✅ Limpeza concluída
[2026-03-02 17:34:31] 🏁 Processo concluído!
[2026-03-02 17:38:13] 🚀 OWASP ZAP API Scanner - Iniciando
[2026-03-02 17:38:13] Verificando conexão com ZAP API...
[2026-03-02 17:38:13] ✅ ZAP API disponível
[2026-03-02 17:38:13] === Iniciando scan para termos: http://termos.acervo.nic.br (tipo: full) ===
[2026-03-02 17:38:13] 🕷️  Iniciando Spider...
[2026-03-02 17:38:13] 🕷️  Spider iniciado (ID: 7), aguardando conclusão...
[2026-03-02 17:38:13] 📊 Spider: 0% (0s)
[2026-03-02 17:38:18] 📊 Spider: 0% (5s)
[2026-03-02 17:38:23] 📊 Spider: 0% (10s)
[2026-03-02 17:38:28] 📊 Spider: 0% (15s)
[2026-03-02 17:38:33] 📊 Spider: 0% (20s)
[2026-03-02 17:38:38] 📊 Spider: 0% (25s)
[2026-03-02 17:38:43] 📊 Spider: 0% (30s)
[2026-03-02 17:38:48] 📊 Spider: 0% (35s)
[2026-03-02 17:38:53] 📊 Spider: 0% (40s)
[2026-03-02 17:38:58] 📊 Spider: 0% (45s)
[2026-03-02 17:39:03] 📊 Spider: 0% (50s)
[2026-03-02 17:39:08] 📊 Spider: 0% (55s)
[2026-03-02 17:39:13] 📊 Spider: 0% (60s)
[2026-03-02 17:39:18] 📊 Spider: 0% (65s)
[2026-03-02 17:39:23] 📊 Spider: 0% (70s)
[2026-03-02 17:39:28] 📊 Spider: 0% (75s)
[2026-03-02 17:39:34] ✅ Spider concluído (100%)
[2026-03-02 17:39:34] ⚔️  Iniciando Active Scan...
[2026-03-02 17:39:34] ⚠️  Falha ao iniciar active scan, pulando...
[2026-03-02 17:39:44] 📄 Gerando relatório HTML...
[2026-03-02 17:39:44] ✅ Relatório salvo: ./zap_reports/termos_20260302_173813.html
[2026-03-02 17:39:44] 📊 Alertas encontrados: {"numberOfAlerts":"0"}
[2026-03-02 17:39:44] ⏳ Aguardando 10s antes do próximo scan...
[2026-03-02 17:39:54] === Iniciando scan para termos: http://termos.acervo.nic.br (tipo: baseline) ===
[2026-03-02 17:39:54] 🕷️  Iniciando Spider...
[2026-03-02 17:39:54] 🕷️  Spider iniciado (ID: 8), aguardando conclusão...
[2026-03-02 17:39:54] 📊 Spider: 0% (0s)
[2026-03-02 17:39:59] 📊 Spider: 0% (5s)
[2026-03-02 17:40:04] 📊 Spider: 0% (10s)
[2026-03-02 17:40:09] 📊 Spider: 0% (15s)
[2026-03-02 17:40:14] 📊 Spider: 0% (20s)
[2026-03-02 17:40:19] 📊 Spider: 0% (25s)
[2026-03-02 17:40:24] 📊 Spider: 0% (30s)
[2026-03-02 17:40:29] 📊 Spider: 0% (35s)
[2026-03-02 17:40:34] 📊 Spider: 0% (40s)
[2026-03-02 17:40:39] 📊 Spider: 0% (45s)
[2026-03-02 17:40:44] 📊 Spider: 0% (50s)
[2026-03-02 17:40:49] 📊 Spider: 0% (55s)
[2026-03-02 17:40:54] 📊 Spider: 0% (60s)
[2026-03-02 17:40:59] 📊 Spider: 0% (65s)
[2026-03-02 17:41:04] 📊 Spider: 0% (70s)
[2026-03-02 17:41:09] 📊 Spider: 0% (75s)
[2026-03-02 17:41:14] ✅ Spider concluído (100%)
[2026-03-02 17:41:24] 📄 Gerando relatório HTML...
[2026-03-02 17:41:24] ✅ Relatório salvo: ./zap_reports/termos_20260302_173954.html
[2026-03-02 17:41:24] 📊 Alertas encontrados: {"numberOfAlerts":"0"}
[2026-03-02 17:41:24] ⏳ Aguardando 10s antes do próximo scan...
[2026-03-02 17:41:34] === Iniciando scan para termos: http://termos.acervo.nic.br (tipo: spider_only) ===
[2026-03-02 17:41:34] 🕷️  Iniciando Spider...
[2026-03-02 17:41:34] 🕷️  Spider iniciado (ID: 9), aguardando conclusão...
[2026-03-02 17:41:34] 📊 Spider: 0% (0s)
[2026-03-02 17:41:39] 📊 Spider: 0% (5s)
[2026-03-02 17:41:44] 📊 Spider: 0% (10s)
[2026-03-02 17:41:49] 📊 Spider: 0% (15s)
[2026-03-02 17:41:54] 📊 Spider: 0% (20s)
[2026-03-02 17:41:59] 📊 Spider: 0% (25s)
[2026-03-02 17:42:05] 📊 Spider: 0% (30s)
[2026-03-02 17:42:10] 📊 Spider: 0% (35s)
[2026-03-02 17:42:15] 📊 Spider: 0% (40s)
[2026-03-02 17:42:20] 📊 Spider: 0% (45s)
[2026-03-02 17:42:25] 📊 Spider: 0% (50s)
[2026-03-02 17:42:30] 📊 Spider: 0% (55s)
[2026-03-02 17:42:35] 📊 Spider: 0% (60s)
[2026-03-02 17:42:40] 📊 Spider: 0% (65s)
[2026-03-02 17:42:45] 📊 Spider: 0% (70s)
[2026-03-02 17:42:50] 📊 Spider: 0% (75s)
[2026-03-02 17:42:55] ✅ Spider concluído (100%)
[2026-03-02 17:42:55] ℹ️  Modo spider_only: pulando active scan
