[2026-03-02 15:39:30] === Início da Automação ZAP ===
[2026-03-02 15:39:30] Aguardando ZAP ficar disponível...
[2026-03-02 15:39:30] ZAP está pronto!
[2026-03-02 15:39:30] Iniciando scan (TIPO_DO_SCAN) para # Formato: NOME: URL
[2026-03-02 15:39:30] ⚠️ AVISO: Alvo URL não respondeu. Pulando scan.
[2026-03-02 15:39:35] Iniciando scan () para # Tipos: baseline (rápido) ou full (completo e lento): 
[2026-03-02 15:39:36] ⚠️ AVISO: Alvo  não respondeu. Pulando scan.
[2026-03-02 15:39:41] Iniciando scan () para : 
[2026-03-02 15:39:41] ⚠️ AVISO: Alvo  não respondeu. Pulando scan.
[2026-03-02 15:39:46] Iniciando scan (baseline) para Koha: http://145.223.92.13
[2026-03-02 15:39:49] ❌ Erro: Relatório não foi gerado.
[2026-03-02 15:39:54] Iniciando scan (baseline) para Biblioteca: http://bibliotecadigital.acervo.nic.br
[2026-03-02 15:39:55] ❌ Erro: Relatório não foi gerado.
[2026-03-02 15:40:00] Iniciando scan (baseline) para Cura: http://curadoria.acervo.nic.br
[2026-03-02 15:40:01] ❌ Erro: Relatório não foi gerado.
[2026-03-02 15:40:07] Iniciando scan (baseline) para catalogo: http://catalogo.acervo.nic.br
[2026-03-02 15:40:12] ⚠️ AVISO: Alvo http://catalogo.acervo.nic.br não respondeu. Pulando scan.
[2026-03-02 15:40:17] Iniciando scan (baseline) para termos: http://termos.acervo.nic.br
[2026-03-02 15:40:18] ❌ Erro: Relatório não foi gerado.
[2026-03-02 15:40:23] Iniciando scan (baseline) para busca: http://busca.acervo.nic.br
[2026-03-02 15:40:24] ❌ Erro: Relatório não foi gerado.
[2026-03-02 15:40:29] Limpando relatórios com mais de 7 dias...
[2026-03-02 15:40:29] Limpeza concluída.
[2026-03-02 15:40:29] === Fim da Automação ZAP ===
[2026-03-02 15:45:34] === Início da Automação ZAP ===
[2026-03-02 15:45:34] Aguardando ZAP ficar disponível...
[2026-03-02 15:45:34] ZAP está pronto!
[2026-03-02 15:45:34] Iniciando scan (TIPO_DO_SCAN) para # Formato: NOME: URL
[2026-03-02 15:45:34] ⚠️ AVISO: Alvo URL não respondeu. Pulando scan.
[2026-03-02 15:45:39] Iniciando scan () para # Tipos: baseline (rápido) ou full (completo e lento): 
[2026-03-02 15:45:39] ⚠️ AVISO: Alvo  não respondeu. Pulando scan.
[2026-03-02 15:45:44] Iniciando scan () para : 
[2026-03-02 15:45:44] ⚠️ AVISO: Alvo  não respondeu. Pulando scan.
[2026-03-02 15:45:49] Iniciando scan (baseline) para Koha: http://145.223.92.13
[2026-03-02 15:45:52] ❌ Erro: Relatório não foi gerado.
[2026-03-02 15:45:57] Iniciando scan (baseline) para #Biblioteca: http://bibliotecadigital.acervo.nic.br
[2026-03-02 15:45:57] ❌ Erro: Relatório não foi gerado.
[2026-03-02 15:46:02] Iniciando scan (baseline) para #Cura: http://curadoria.acervo.nic.br
[2026-03-02 15:46:03] ❌ Erro: Relatório não foi gerado.
[2026-03-02 15:46:08] Iniciando scan (baseline) para #catalogo: http://catalogo.acervo.nic.br
[2026-03-02 15:46:13] ⚠️ AVISO: Alvo http://catalogo.acervo.nic.br não respondeu. Pulando scan.
[2026-03-02 15:46:18] Iniciando scan (baseline) para #termos: http://termos.acervo.nic.br
[2026-03-02 15:46:18] ❌ Erro: Relatório não foi gerado.
[2026-03-02 15:46:23] Iniciando scan (baseline) para #busca: http://busca.acervo.nic.br
[2026-03-02 15:46:24] ❌ Erro: Relatório não foi gerado.
[2026-03-02 15:46:29] Limpando relatórios com mais de 7 dias...
[2026-03-02 15:46:29] Limpeza concluída.
[2026-03-02 15:46:29] === Fim da Automação ZAP ===
[2026-03-02 15:47:43] === Início da Automação ZAP ===
[2026-03-02 15:47:43] Aguardando ZAP ficar disponível...
[2026-03-02 15:47:43] ZAP está pronto!
[2026-03-02 15:47:43] Iniciando scan (baseline) para Koha: http://145.223.92.13
[2026-03-02 15:47:45] ❌ Erro: Relatório não foi gerado.
[2026-03-02 16:04:12] === Início da Automação ZAP ===
[2026-03-02 16:04:12] Aguardando ZAP ficar disponível...
[2026-03-02 16:04:12] ZAP está pronto!
[2026-03-02 16:04:12] Iniciando scan (baseline) para koha: http://145.223.92.13
[2026-03-02 16:04:15] ❌ Erro: Relatório não foi gerado.
[2026-03-02 16:04:20] Limpando relatórios com mais de 7 dias...
[2026-03-02 16:04:20] Limpeza concluída.
[2026-03-02 16:04:20] === Fim da Automação ZAP ===
[2026-03-02 16:06:15] === Início da Automação ZAP ===
[2026-03-02 16:06:15] Aguardando ZAP ficar disponível...
[2026-03-02 16:06:15] ZAP está pronto!
[2026-03-02 16:06:15] Iniciando scan (baseline) para koha: http://145.223.92.13
[2026-03-02 16:06:18] ❌ Erro: Relatório não foi gerado.
[2026-03-02 16:06:23] Limpando relatórios com mais de 7 dias...
[2026-03-02 16:06:23] Limpeza concluída.
[2026-03-02 16:06:23] === Fim da Automação ZAP ===
